[Sat Apr 16 2016 04:19:49 GMT+0000 (UTC)] INFO Connecting...
[Sat Apr 16 2016 04:19:49 GMT+0000 (UTC)] INFO Logged in as rola of devopsjp-hackathon-postit, but not yet connected
[Sat Apr 16 2016 04:19:51 GMT+0000 (UTC)] INFO Slack client now connected
[Sat Apr 16 2016 04:19:51 GMT+0000 (UTC)] INFO /home/postit/postitbot/scripts/rola.js is using deprecated documentation syntax
[Sat Apr 16 2016 04:19:51 GMT+0000 (UTC)] ERROR hubot-heroku-alive included, but missing HUBOT_HEROKU_KEEPALIVE_URL. `heroku config:set HUBOT_HEROKU_KEEPALIVE_URL=$(heroku apps:info -s  | grep web-url | cut -d= -f2)`
[Sat Apr 16 2016 04:19:51 GMT+0000 (UTC)] INFO hubot-redis-brain: Using default redis on localhost:6379
[Sat Apr 16 2016 04:19:51 GMT+0000 (UTC)] INFO hubot-redis-brain: Data for hubot brain retrieved from Redis
{ assignedLabels: [ {} ],
  mode: 'NORMAL',
  nodeDescription: 'the master Jenkins node',
  nodeName: '',
  numExecutors: 2,
  description: null,
  jobs: 
   [ { name: 'knife-azure',
       url: 'http://13.78.58.239:8080/job/knife-azure/',
       color: 'blue' },
     { name: 'serverspec',
       url: 'http://13.78.58.239:8080/job/serverspec/',
       color: 'blue' },
     { name: 'webapp',
       url: 'http://13.78.58.239:8080/job/webapp/',
       color: 'notbuilt' } ],
  overallLoad: {},
  primaryView: { name: 'All', url: 'http://13.78.58.239:8080/' },
  quietingDown: false,
  slaveAgentPort: 50000,
  unlabeledLoad: {},
  useCrumbs: false,
  useSecurity: false,
  views: [ { name: 'All', url: 'http://13.78.58.239:8080/' } ] }
